#
# A fatal error has been detected by the Java Runtime Environment:
#
#  EXCEPTION_ACCESS_VIOLATION (0xc0000005) at pc=0x00000000666ea406, pid=4388, tid=5740
#
# JRE version: Java(TM) SE Runtime Environment (8.0_77-b03) (build 1.8.0_77-b03)
# Java VM: Java HotSpot(TM) 64-Bit Server VM (25.77-b03 mixed mode windows-amd64 compressed oops)
# Problematic frame:
# C  [zip.dll+0xa406]
#
# Failed to write core dump. Minidumps are not enabled by default on client versions of Windows
#
# If you would like to submit a bug report, please visit:
#   http://bugreport.java.com/bugreport/crash.jsp
# The crash happened outside the Java Virtual Machine in native code.
# See problematic frame for where to report the bug.
#

---------------  T H R E A D  ---------------

Current thread (0x00000000021ea000):  JavaThread "main" [_thread_in_native, id=5740, stack(0x0000000002340000,0x0000000002440000)]

siginfo: ExceptionCode=0xc0000005, reading address 0x00000000251705d0

Registers:
RAX=0x000000001d099fc0, RBX=0x000000001d05bba0, RCX=0x000000000000000b, RDX=0x0000000000000014
RSP=0x000000000243c2e0, RBP=0x00000000251705d0, RSI=0x00000000ba66e2c6, RDI=0x0000000000000000
R8 =0x0000000000000000, R9 =0x000000000243c360, R10=0x000000000080000e, R11=0x000000000243c360
R12=0x000000000243c360, R13=0x0000000000000028, R14=0x0000000000000028, R15=0x00000000021ea000
RIP=0x00000000666ea406, EFLAGS=0x0000000000010202

Top of Stack: (sp=0x000000000243c2e0)
0x000000000243c2e0:   0000000000000000 0000000000000000
0x000000000243c2f0:   00000000ba66e2c6 000000005f243bc2
0x000000000243c300:   00000000021ea000 000000000243c808
0x000000000243c310:   0000000000000001 000000001d05bba0
0x000000000243c320:   00000000021ea1f8 00000000666e203b
0x000000000243c330:   000000000243c360 000000000243c7e0
0x000000000243c340:   0000000000000027 00000000021ea1f8
0x000000000243c350:   000000000243c360 0000000000000000
0x000000000243c360:   747365742f67726f 6874654d492f676e
0x000000000243c370:   7463656c6553646f 7865746e6f43726f
0x000000000243c380:   2f7373616c632e74 0000000000000000
0x000000000243c390:   00000000021ea000 000000000243c860
0x000000000243c3a0:   000000001e657230 000000000243c840
0x000000000243c3b0:   0000000000000000 00000000773ccdd3
0x000000000243c3c0:   0000000000000190 00000000773d4c9a
0x000000000243c3d0:   000000000243c510 0000000000000000 

Instructions: (pc=0x00000000666ea406)
0x00000000666ea3e6:   83 c4 20 41 5f 41 5e 41 5d 41 5c 5f c3 33 ff 41
0x00000000666ea3f6:   83 fa ff 74 60 49 63 ea 48 c1 e5 04 48 03 6b 58
0x00000000666ea406:   39 75 00 0f 85 a5 00 00 00 45 33 c0 48 8b d5 48
0x00000000666ea416:   8b cb e8 83 f6 ff ff 48 8b f8 48 85 c0 0f 84 89 


Register to memory mapping:

RAX=0x000000001d099fc0 is an unknown value
RBX=0x000000001d05bba0 is an unknown value
RCX=0x000000000000000b is an unknown value
RDX=0x0000000000000014 is an unknown value
RSP=0x000000000243c2e0 is pointing into the stack for thread: 0x00000000021ea000
RBP=0x00000000251705d0 is an unknown value
RSI=0x00000000ba66e2c6 is an unknown value
RDI=0x0000000000000000 is an unknown value
R8 =0x0000000000000000 is an unknown value
R9 =0x000000000243c360 is pointing into the stack for thread: 0x00000000021ea000
R10=0x000000000080000e is an unknown value
R11=0x000000000243c360 is pointing into the stack for thread: 0x00000000021ea000
R12=0x000000000243c360 is pointing into the stack for thread: 0x00000000021ea000
R13=0x0000000000000028 is an unknown value
R14=0x0000000000000028 is an unknown value
R15=0x00000000021ea000 is a thread


Stack: [0x0000000002340000,0x0000000002440000],  sp=0x000000000243c2e0,  free space=1008k
Native frames: (J=compiled Java code, j=interpreted, Vv=VM code, C=native code)
C  [zip.dll+0xa406]
C  [zip.dll+0x203b]
C  0x0000000002929ed8

Java frames: (J=compiled Java code, j=interpreted, Vv=VM code)
J 109  java.util.zip.ZipFile.getEntry(J[BZ)J (0 bytes) @ 0x0000000002929e5a [0x0000000002929e00+0x5a]
J 266 C2 java.util.zip.ZipFile.getEntry(Ljava/lang/String;)Ljava/util/zip/ZipEntry; (86 bytes) @ 0x000000000299bce0 [0x000000000299b9c0+0x320]
J 359 C2 sun.misc.URLClassPath$JarLoader.getResource(Ljava/lang/String;Z)Lsun/misc/Resource; (85 bytes) @ 0x00000000029de194 [0x00000000029de120+0x74]
J 252 C1 sun.misc.URLClassPath.getResource(Ljava/lang/String;Z)Lsun/misc/Resource; (83 bytes) @ 0x0000000002979454 [0x00000000029792e0+0x174]
J 400 C1 java.net.URLClassLoader$1.run()Ljava/lang/Class; (63 bytes) @ 0x00000000029ee8cc [0x00000000029ee6a0+0x22c]
J 399 C1 java.net.URLClassLoader$1.run()Ljava/lang/Object; (5 bytes) @ 0x00000000029ee314 [0x00000000029ee280+0x94]
v  ~StubRoutines::call_stub
J 398  java.security.AccessController.doPrivileged(Ljava/security/PrivilegedExceptionAction;Ljava/security/AccessControlContext;)Ljava/lang/Object; (0 bytes) @ 0x00000000029eb8a6 [0x00000000029eb840+0x66]
J 396 C1 java.net.URLClassLoader.findClass(Ljava/lang/String;)Ljava/lang/Class; (47 bytes) @ 0x00000000029ec0d4 [0x00000000029ebf40+0x194]
j  java.lang.ClassLoader.loadClass(Ljava/lang/String;Z)Ljava/lang/Class;+70
J 365 C1 sun.misc.Launcher$AppClassLoader.loadClass(Ljava/lang/String;Z)Ljava/lang/Class; (85 bytes) @ 0x00000000029d5bbc [0x00000000029d51e0+0x9dc]
J 364 C1 java.lang.ClassLoader.loadClass(Ljava/lang/String;)Ljava/lang/Class; (7 bytes) @ 0x00000000029d0b1c [0x00000000029d0a00+0x11c]
v  ~StubRoutines::call_stub
j  org.testng.TestRunner.<init>(Lorg/testng/internal/IConfiguration;Lorg/testng/ISuite;Lorg/testng/xml/XmlTest;ZLjava/util/List;)V+199
j  org.testng.remote.RemoteTestNG$1.newTestRunner(Lorg/testng/ISuite;Lorg/testng/xml/XmlTest;Ljava/util/List;)Lorg/testng/TestRunner;+15
j  org.testng.remote.RemoteTestNG$DelegatingTestRunnerFactory.newTestRunner(Lorg/testng/ISuite;Lorg/testng/xml/XmlTest;Ljava/util/List;)Lorg/testng/TestRunner;+7
j  org.testng.SuiteRunner$ProxyTestRunnerFactory.newTestRunner(Lorg/testng/ISuite;Lorg/testng/xml/XmlTest;Ljava/util/List;)Lorg/testng/TestRunner;+7
j  org.testng.SuiteRunner.init(Lorg/testng/internal/IConfiguration;Lorg/testng/xml/XmlSuite;Ljava/lang/String;Lorg/testng/ITestRunnerFactory;ZLorg/testng/IMethodInterceptor;Ljava/util/List;Ljava/util/List;)V+190
j  org.testng.SuiteRunner.<init>(Lorg/testng/internal/IConfiguration;Lorg/testng/xml/XmlSuite;Ljava/lang/String;Lorg/testng/ITestRunnerFactory;ZLorg/testng/IMethodInterceptor;Ljava/util/List;Ljava/util/List;)V+118
j  org.testng.TestNG.createSuiteRunner(Lorg/testng/xml/XmlSuite;)Lorg/testng/SuiteRunner;+33
j  org.testng.TestNG.createSuiteRunners(Lorg/testng/internal/SuiteRunnerMap;Lorg/testng/xml/XmlSuite;)V+212
j  org.testng.TestNG.runSuitesLocally()Ljava/util/List;+78
j  org.testng.TestNG.run()V+77
j  org.testng.remote.RemoteTestNG.run()V+204
j  org.testng.remote.RemoteTestNG.initAndRun([Ljava/lang/String;Lorg/testng/CommandLineArgs;Lorg/testng/remote/RemoteArgs;)V+171
j  org.testng.remote.RemoteTestNG.main([Ljava/lang/String;)V+106
v  ~StubRoutines::call_stub

---------------  P R O C E S S  ---------------

Java Threads: ( => current thread )
  0x000000001e85d800 JavaThread "ReaderThread" [_thread_in_native, id=4336, stack(0x000000001eda0000,0x000000001eea0000)]
  0x000000001d06d000 JavaThread "Service Thread" daemon [_thread_blocked, id=6780, stack(0x000000001e380000,0x000000001e480000)]
  0x000000001cffd800 JavaThread "C1 CompilerThread2" daemon [_thread_blocked, id=6436, stack(0x000000001e160000,0x000000001e260000)]
  0x000000001cff3000 JavaThread "C2 CompilerThread1" daemon [_thread_blocked, id=6300, stack(0x000000001deb0000,0x000000001dfb0000)]
  0x000000001cfee800 JavaThread "C2 CompilerThread0" daemon [_thread_blocked, id=4304, stack(0x000000001da80000,0x000000001db80000)]
  0x000000001cfe1800 JavaThread "JDWP Command Reader" daemon [_thread_in_native, id=7100, stack(0x000000001dd50000,0x000000001de50000)]
  0x000000001cfde000 JavaThread "JDWP Event Helper Thread" daemon [_thread_blocked, id=656, stack(0x000000001dbb0000,0x000000001dcb0000)]
  0x000000001cfd4800 JavaThread "JDWP Transport Listener: dt_socket" daemon [_thread_blocked, id=6208, stack(0x000000001d870000,0x000000001d970000)]
  0x000000001ba78000 JavaThread "Attach Listener" daemon [_thread_blocked, id=6892, stack(0x0000000012d50000,0x0000000012e50000)]
  0x000000001ba74800 JavaThread "Signal Dispatcher" daemon [_thread_blocked, id=6304, stack(0x000000001ccb0000,0x000000001cdb0000)]
  0x000000001ba5c800 JavaThread "Finalizer" daemon [_thread_blocked, id=4528, stack(0x000000001ced0000,0x000000001cfd0000)]
  0x000000001ba13800 JavaThread "Reference Handler" daemon [_thread_blocked, id=6228, stack(0x000000001cdc0000,0x000000001cec0000)]
=>0x00000000021ea000 JavaThread "main" [_thread_in_native, id=5740, stack(0x0000000002340000,0x0000000002440000)]

Other Threads:
  0x000000001ba0d800 VMThread [stack: 0x000000001cb80000,0x000000001cc80000] [id=4592]
  0x000000001d099800 WatcherThread [stack: 0x000000001dff0000,0x000000001e0f0000] [id=3564]

VM state:not at safepoint (normal execution)

VM Mutex/Monitor currently owned by a thread: None

Heap:
 PSYoungGen      total 72704K, used 15063K [0x000000076ef80000, 0x0000000774080000, 0x00000007c0000000)
  eden space 62464K, 24% used [0x000000076ef80000,0x000000076fe35ce0,0x0000000772c80000)
  from space 10240K, 0% used [0x0000000773680000,0x0000000773680000,0x0000000774080000)
  to   space 10240K, 0% used [0x0000000772c80000,0x0000000772c80000,0x0000000773680000)
 ParOldGen       total 166912K, used 0K [0x00000006cce00000, 0x00000006d7100000, 0x000000076ef80000)
  object space 166912K, 0% used [0x00000006cce00000,0x00000006cce00000,0x00000006d7100000)
 Metaspace       used 6561K, capacity 6680K, committed 6784K, reserved 1056768K
  class space    used 765K, capacity 818K, committed 896K, reserved 1048576K

Card table byte_map: [0x0000000011bb0000,0x0000000012350000] byte_map_base: 0x000000000e549000

Marking Bits: (ParMarkBitMap*) 0x000000005f910600
 Begin Bits: [0x0000000012f50000, 0x0000000016c18000)
 End Bits:   [0x0000000016c18000, 0x000000001a8e0000)

Polling page: 0x0000000000120000

CodeCache: size=245760Kb used=2040Kb max_used=2040Kb free=243719Kb
 bounds [0x00000000027f0000, 0x0000000002a60000, 0x00000000117f0000]
 total_blobs=686 nmethods=402 adapters=206
 compilation: enabled

Compilation events (10 events):
Event: 0.464 Thread 0x000000001cffd800  402       3       java.util.jar.JarFile::maybeInstantiateVerifier (96 bytes)
Event: 0.464 Thread 0x000000001cffd800 nmethod 402 0x00000000029ec810 code [0x00000000029eca40, 0x00000000029ed708]
Event: 0.464 Thread 0x000000001cffd800  397       3       java.net.URLClassLoader$1::<init> (15 bytes)
Event: 0.464 Thread 0x000000001cffd800 nmethod 397 0x00000000029edd10 code [0x00000000029ede60, 0x00000000029ee050]
Event: 0.464 Thread 0x000000001cffd800  399       3       java.net.URLClassLoader$1::run (5 bytes)
Event: 0.465 Thread 0x000000001cffd800 nmethod 399 0x00000000029ee110 code [0x00000000029ee280, 0x00000000029ee428]
Event: 0.465 Thread 0x000000001cffd800  400   !   3       java.net.URLClassLoader$1::run (63 bytes)
Event: 0.465 Thread 0x000000001cffd800 nmethod 400 0x00000000029ee4d0 code [0x00000000029ee6a0, 0x00000000029eec28]
Event: 0.465 Thread 0x000000001cffd800  401  s    3       sun.misc.Resource::cachedInputStream (20 bytes)
Event: 0.465 Thread 0x000000001cffd800 nmethod 401 0x00000000029eef50 code [0x00000000029ef0c0, 0x00000000029ef4a8]

GC Heap History (0 events):
No events

Deoptimization events (1 events):
Event: 0.154 Thread 0x00000000021ea000 Uncommon trap: reason=unstable_if action=reinterpret pc=0x0000000002908f84 method=java.lang.String.hashCode()I @ 14

Internal exceptions (10 events):
Event: 0.189 Thread 0x00000000021ea000 Exception <a 'java/security/PrivilegedActionException'> (0x000000076f4b84d8) thrown at [D:\re\workspace\8-2-build-windows-amd64-cygwin\jdk8u77\6540\hotspot\src\share\vm\prims\jvm.cpp, line 1386]
Event: 0.190 Thread 0x00000000021ea000 Exception <a 'java/security/PrivilegedActionException'> (0x000000076f4c3f18) thrown at [D:\re\workspace\8-2-build-windows-amd64-cygwin\jdk8u77\6540\hotspot\src\share\vm\prims\jvm.cpp, line 1386]
Event: 0.190 Thread 0x00000000021ea000 Exception <a 'java/security/PrivilegedActionException'> (0x000000076f4c4128) thrown at [D:\re\workspace\8-2-build-windows-amd64-cygwin\jdk8u77\6540\hotspot\src\share\vm\prims\jvm.cpp, line 1386]
Event: 0.190 Thread 0x00000000021ea000 Exception <a 'java/security/PrivilegedActionException'> (0x000000076f4c4ea0) thrown at [D:\re\workspace\8-2-build-windows-amd64-cygwin\jdk8u77\6540\hotspot\src\share\vm\prims\jvm.cpp, line 1386]
Event: 0.190 Thread 0x00000000021ea000 Exception <a 'java/security/PrivilegedActionException'> (0x000000076f4c50b0) thrown at [D:\re\workspace\8-2-build-windows-amd64-cygwin\jdk8u77\6540\hotspot\src\share\vm\prims\jvm.cpp, line 1386]
Event: 0.190 Thread 0x00000000021ea000 Exception <a 'java/security/PrivilegedActionException'> (0x000000076f4c5e48) thrown at [D:\re\workspace\8-2-build-windows-amd64-cygwin\jdk8u77\6540\hotspot\src\share\vm\prims\jvm.cpp, line 1386]
Event: 0.190 Thread 0x00000000021ea000 Exception <a 'java/security/PrivilegedActionException'> (0x000000076f4c6058) thrown at [D:\re\workspace\8-2-build-windows-amd64-cygwin\jdk8u77\6540\hotspot\src\share\vm\prims\jvm.cpp, line 1386]
Event: 0.240 Thread 0x00000000021ea000 Exception <a 'java/lang/ArrayIndexOutOfBoundsException'> (0x000000076f657af0) thrown at [D:\re\workspace\8-2-build-windows-amd64-cygwin\jdk8u77\6540\hotspot\src\share\vm\runtime\sharedRuntime.cpp, line 605]
Event: 0.241 Thread 0x00000000021ea000 Exception <a 'java/lang/ArrayIndexOutOfBoundsException'> (0x000000076f6589f8) thrown at [D:\re\workspace\8-2-build-windows-amd64-cygwin\jdk8u77\6540\hotspot\src\share\vm\runtime\sharedRuntime.cpp, line 605]
Event: 0.417 Thread 0x00000000021ea000 Exception <a 'java/lang/NoSuchMethodError': <clinit>> (0x000000076fb62aa0) thrown at [D:\re\workspace\8-2-build-windows-amd64-cygwin\jdk8u77\6540\hotspot\src\share\vm\prims\jni.cpp, line 1591]

Events (10 events):
Event: 0.465 Thread 0x00000000021ea000 DEOPT PACKING pc=0x000000000296901c sp=0x000000000243e050
Event: 0.465 Thread 0x00000000021ea000 DEOPT UNPACKING pc=0x000000000283747f sp=0x000000000243de70 mode 1
Event: 0.465 loading class org/testng/IMethodSelectorContext
Event: 0.465 loading class org/testng/IMethodSelectorContext done
Event: 0.465 Thread 0x00000000021ea000 DEOPT PACKING pc=0x00000000029ec289 sp=0x000000000243d3e0
Event: 0.465 Thread 0x00000000021ea000 DEOPT UNPACKING pc=0x000000000283747f sp=0x000000000243d130 mode 1
Event: 0.465 Thread 0x00000000021ea000 DEOPT PACKING pc=0x0000000002969284 sp=0x000000000243d460
Event: 0.465 Thread 0x00000000021ea000 DEOPT UNPACKING pc=0x000000000283747f sp=0x000000000243d280 mode 1
Event: 0.465 Thread 0x00000000021ea000 DEOPT PACKING pc=0x000000000296901c sp=0x000000000243d5f0
Event: 0.465 Thread 0x00000000021ea000 DEOPT UNPACKING pc=0x000000000283747f sp=0x000000000243d410 mode 1


Dynamic libraries:
0x000000013f3e0000 - 0x000000013f417000 	C:\Program Files\Java\jre1.8.0_77\bin\javaw.exe
0x0000000077380000 - 0x000000007752b000 	C:\Windows\SYSTEM32\ntdll.dll
0x0000000077160000 - 0x000000007727f000 	C:\Windows\system32\kernel32.dll
0x000007fefd560000 - 0x000007fefd5cb000 	C:\Windows\system32\KERNELBASE.dll
0x000007feff5b0000 - 0x000007feff68b000 	C:\Windows\system32\ADVAPI32.dll
0x000007fefd850000 - 0x000007fefd8ef000 	C:\Windows\system32\msvcrt.dll
0x000007fefddf0000 - 0x000007fefde0f000 	C:\Windows\SYSTEM32\sechost.dll
0x000007fefd6b0000 - 0x000007fefd7de000 	C:\Windows\system32\RPCRT4.dll
0x0000000077280000 - 0x000000007737a000 	C:\Windows\system32\USER32.dll
0x000007fefda70000 - 0x000007fefdad7000 	C:\Windows\system32\GDI32.dll
0x000007fefe250000 - 0x000007fefe25e000 	C:\Windows\system32\LPK.dll
0x000007fefdff0000 - 0x000007fefe0ba000 	C:\Windows\system32\USP10.dll
0x000007fefbd20000 - 0x000007fefbf14000 	C:\Windows\WinSxS\amd64_microsoft.windows.common-controls_6595b64144ccf1df_6.0.7600.16385_none_fa645303170382f6\COMCTL32.dll
0x000007fefe0c0000 - 0x000007fefe131000 	C:\Windows\system32\SHLWAPI.dll
0x000007fefddc0000 - 0x000007fefddee000 	C:\Windows\system32\IMM32.DLL
0x000007fefe140000 - 0x000007fefe249000 	C:\Windows\system32\MSCTF.dll
0x0000000056830000 - 0x0000000056902000 	C:\Program Files\Java\jre1.8.0_77\bin\msvcr100.dll
0x000000005f100000 - 0x000000005f990000 	C:\Program Files\Java\jre1.8.0_77\bin\server\jvm.dll
0x000007fefaec0000 - 0x000007fefaec9000 	C:\Windows\system32\WSOCK32.dll
0x000007feff210000 - 0x000007feff25d000 	C:\Windows\system32\WS2_32.dll
0x000007feff470000 - 0x000007feff478000 	C:\Windows\system32\NSI.dll
0x000007fefb2c0000 - 0x000007fefb2fb000 	C:\Windows\system32\WINMM.dll
0x000007fefc3e0000 - 0x000007fefc3ec000 	C:\Windows\system32\VERSION.dll
0x0000000077550000 - 0x0000000077557000 	C:\Windows\system32\PSAPI.DLL
0x000000006a5e0000 - 0x000000006a5ef000 	C:\Program Files\Java\jre1.8.0_77\bin\verify.dll
0x0000000066700000 - 0x0000000066729000 	C:\Program Files\Java\jre1.8.0_77\bin\java.dll
0x000000005ce80000 - 0x000000005ceb5000 	C:\Program Files\Java\jre1.8.0_77\bin\jdwp.dll
0x0000000065de0000 - 0x0000000065de8000 	C:\Program Files\Java\jre1.8.0_77\bin\npt.dll
0x00000000666e0000 - 0x00000000666f6000 	C:\Program Files\Java\jre1.8.0_77\bin\zip.dll
0x000007fefe260000 - 0x000007fefefe6000 	C:\Windows\system32\SHELL32.dll
0x000007feff260000 - 0x000007feff461000 	C:\Windows\system32\ole32.dll
0x000007fefd2e0000 - 0x000007fefd2ef000 	C:\Windows\system32\profapi.dll
0x00000000660a0000 - 0x00000000660a9000 	C:\Program Files\Java\jre1.8.0_77\bin\dt_socket.dll
0x000007fefb2a0000 - 0x000007fefb2b5000 	C:\Windows\system32\NLAapi.dll
0x000007fefcb50000 - 0x000007fefcba4000 	C:\Windows\System32\mswsock.dll
0x000007fefc8d0000 - 0x000007fefc92b000 	C:\Windows\system32\DNSAPI.dll
0x000007fef6010000 - 0x000007fef601b000 	C:\Windows\System32\winrnr.dll
0x000007fef5ff0000 - 0x000007fef6005000 	C:\Windows\system32\napinsp.dll
0x000007fef5fd0000 - 0x000007fef5fe9000 	C:\Windows\system32\pnrpnsp.dll
0x000007fef5fa0000 - 0x000007fef5fcf000 	C:\Program Files\Common Files\Microsoft Shared\Windows Live\WLIDNSP.DLL
0x0000000073110000 - 0x0000000073136000 	C:\Program Files\Bonjour\mdnsNSP.dll
0x000007fefa910000 - 0x000007fefa937000 	C:\Windows\system32\Iphlpapi.DLL
0x000007fefa900000 - 0x000007fefa90b000 	C:\Windows\system32\WINNSI.DLL
0x000007fefa7a0000 - 0x000007fefa7f3000 	C:\Windows\System32\fwpuclnt.dll
0x000007fef4da0000 - 0x000007fef4da8000 	C:\Windows\system32\rasadhlp.dll
0x000007fefc4d0000 - 0x000007fefc4d7000 	C:\Windows\System32\wshtcpip.dll
0x00000000666c0000 - 0x00000000666da000 	C:\Program Files\Java\jre1.8.0_77\bin\net.dll
0x000007fefcb20000 - 0x000007fefcb27000 	C:\Windows\System32\wship6.dll
0x000007fefcca0000 - 0x000007fefccb7000 	C:\Windows\system32\CRYPTSP.dll
0x000007fefc850000 - 0x000007fefc897000 	C:\Windows\system32\rsaenh.dll
0x000007fefc5d0000 - 0x000007fefc5ee000 	C:\Windows\system32\USERENV.dll
0x000007fefd210000 - 0x000007fefd21f000 	C:\Windows\system32\CRYPTBASE.dll
0x000007fefa770000 - 0x000007fefa781000 	C:\Windows\system32\dhcpcsvc6.DLL
0x000007fefa750000 - 0x000007fefa768000 	C:\Windows\system32\dhcpcsvc.DLL
0x00000000666a0000 - 0x00000000666b1000 	C:\Program Files\Java\jre1.8.0_77\bin\nio.dll
0x000007fef9bf0000 - 0x000007fef9d15000 	C:\Windows\system32\dbghelp.dll

VM Arguments:
jvm_args: -agentlib:jdwp=transport=dt_socket,suspend=y,address=localhost:53060 -ea -Dfile.encoding=Cp1252 
java_command: org.testng.remote.RemoteTestNG -serport 53059 -d C:\Users\Aponte\POM\POM\test-output C:\Users\Aponte\AppData\Local\Temp\testng-eclipse-655761190\testng-customsuite.xml
java_class_path (initial): C:\Users\Aponte\POM\POM\bin;C:\Selenium\selenium-2.50.1\selenium-java-2.50.1-srcs.jar;C:\Selenium\selenium-2.50.1\selenium-java-2.50.1.jar;C:\Selenium\selenium-2.50.1\libs\apache-mime4j-0.6.jar;C:\Selenium\selenium-2.50.1\libs\bsh-1.3.0.jar;C:\Selenium\selenium-2.50.1\libs\bsh-2.0b4.jar;C:\Selenium\selenium-2.50.1\libs\cglib-nodep-2.1_3.jar;C:\Selenium\selenium-2.50.1\libs\commons-codec-1.9.jar;C:\Selenium\selenium-2.50.1\libs\commons-codec-1.10.jar;C:\Selenium\selenium-2.50.1\libs\commons-collections-3.2.1.jar;C:\Selenium\selenium-2.50.1\libs\commons-collections-3.2.2.jar;C:\Selenium\selenium-2.50.1\libs\commons-el-1.0.jar;C:\Selenium\selenium-2.50.1\libs\commons-exec-1.1.jar;C:\Selenium\selenium-2.50.1\libs\commons-exec-1.3.jar;C:\Selenium\selenium-2.50.1\libs\commons-io-2.4.jar;C:\Selenium\selenium-2.50.1\libs\commons-jxpath-1.3.jar;C:\Selenium\selenium-2.50.1\libs\commons-lang3-3.3.2.jar;C:\Selenium\selenium-2.50.1\libs\commons-lang3-3.4.jar;C:\Selenium\selenium-2.50.1\libs\commons-logging-1.1.3.jar;C:\Selenium\selenium-2.50.1\libs\commons-logging-1.2.jar;C:\Selenium\selenium-2.50.1\libs\cssparser-0.9.14.jar;C:\Selenium\selenium-2.50.1\libs\cssparser-0.9.16.jar;C:\Selenium\selenium-2.50.1\libs\gson-2.3.1.jar;C:\Selenium\selenium-2.50.1\libs\guava-18.0.jar;C:\Selenium\selenium-2.50.1\libs\guava-19.0.jar;C:\Selenium\selenium-2.50.1\libs\hamcrest-core-1.3.jar;C:\Selenium\selenium-2.50.1\libs\hamcrest-library-1.3.jar;C:\Selenium\selenium-2.50.1\libs\htmlunit-2.15.jar;C:\Selenium\selenium-2.50.1\libs\htmlunit-2.18.jar;C:\Selenium\selenium-2.50.1\libs\htmlunit-core-js-2.15.jar;C:\Selenium\selenium-2.50.1\libs\htmlunit-core-js-2.17.jar;C:\Selenium\selenium-2.50.1\libs\httpclient-4.3.6.jar;C:\Selenium\selenium-2.50.1\libs\httpclient-4.5.1.jar;C:\Selenium\selenium-2.50.1\libs\httpcore-4.3.3.jar;C:\Selenium\selenium-2.50.1\libs\httpcore-4.4.3.jar;C:\Selenium\selenium-2.50.1\libs\httpmime-4.3.6.jar;C:\Selenium\selenium-2.50.1\libs\httpmime-4.5.
Launcher Type: SUN_STANDARD

Environment Variables:
JAVA_HOME=C:\Program Files\Java\jdk1.8.0_60
PATH=C:/Program Files/Java/jre1.8.0_77/bin/server;C:/Program Files/Java/jre1.8.0_77/bin;C:/Program Files/Java/jre1.8.0_77/lib/amd64;C:\Program Files\Common Files\Microsoft Shared\Windows Live;C:\Program Files (x86)\Common Files\Microsoft Shared\Windows Live;C:\ProgramData\Oracle\Java\javapath;C:\Windows\system32;C:\Windows;C:\Windows\System32\Wbem;C:\Windows\System32\WindowsPowerShell\v1.0\;C:\Program Files (x86)\ATI Technologies\ATI.ACE\Core-Static;C:\Program Files (x86)\Windows Live\Shared;C:\Program Files (x86)\Skype\Phone\;C:\Program Files\TortoiseSVN\bin;C:\Program Files\apache-maven-3.3.9\bin;C:\Program Files\eclipse;
USERNAME=Aponte
OS=Windows_NT
PROCESSOR_IDENTIFIER=AMD64 Family 21 Model 16 Stepping 1, AuthenticAMD



---------------  S Y S T E M  ---------------

OS: Windows 7 , 64 bit Build 7600 (6.1.7600.16385)

CPU:total 4 (4 cores per cpu, 1 threads per core) family 21 model 16 stepping 1, cmov, cx8, fxsr, mmx, sse, sse2, sse3, ssse3, sse4.1, sse4.2, popcnt, aes, clmul, mmxext, 3dnowpref, lzcnt, sse4a, tsc, tscinvbit, tscinv, bmi1

Memory: 4k page, physical 15932168k(11276672k free), swap 31862432k(26530928k free)

vm_info: Java HotSpot(TM) 64-Bit Server VM (25.77-b03) for windows-amd64 JRE (1.8.0_77-b03), built on Mar 20 2016 22:01:33 by "java_re" with MS VC++ 10.0 (VS2010)

time: Tue May 03 22:07:34 2016
elapsed time: 0 seconds (0d 0h 0m 0s)

